<?xml version="1.0" encoding="UTF-8" ?>
<testsuite tests="7" failures="0" name="Triangulator_ESTest" time="18.693" errors="3" skipped="0">
  <properties>
[...]
</properties>
  <testcase classname="Triangulator_ESTest" name="test3" time="4.055">
    <error message="test timed out after 4000 milliseconds" type="org.junit.runners.model.TestTimedOutException">org.junit.runners.model.TestTimedOutException: test timed out after 4000 milliseconds
	at java.lang.Thread.sleep(Native Method)
	at Triangulator.findTriangleType(Triangulator.java:31)
	at Triangulator.main(Triangulator.java:49)
	at Triangulator_ESTest.test3(Triangulator_ESTest.java:257)
	at sun.reflect.NativeMethodAccessorImpl.invoke0(Native Method)
	at sun.reflect.NativeMethodAccessorImpl.invoke(NativeMethodAccessorImpl.java:62)
	at sun.reflect.DelegatingMethodAccessorImpl.invoke(DelegatingMethodAccessorImpl.java:43)
	at java.lang.reflect.Method.invoke(Method.java:498)
	at org.junit.runners.model.FrameworkMethod$1.runReflectiveCall(FrameworkMethod.java:59)
	at org.junit.internal.runners.model.ReflectiveCallable.run(ReflectiveCallable.java:12)
	at org.junit.runners.model.FrameworkMethod.invokeExplosively(FrameworkMethod.java:56)
	at org.junit.internal.runners.statements.InvokeMethod.evaluate(InvokeMethod.java:17)
	at org.junit.internal.runners.statements.FailOnTimeout$CallableStatement.call(FailOnTimeout.java:288)
	at org.junit.internal.runners.statements.FailOnTimeout$CallableStatement.call(FailOnTimeout.java:282)
	at java.util.concurrent.FutureTask.run(FutureTask.java:266)
	at java.lang.Thread.run(Thread.java:748)
</error>
    <system-out>Triangle  weird
Triangle t1 weird
Triangle t2 is equilateral
Triangle t3 is isoceles
Triangle t4 weird
Triangle  weird
Triangle t1 weird
Triangle t2 is equilateral
Triangle t3 is isoceles
Triangle t4 weird
Triangle  weird
Triangle t1 weird
Triangle t2 is equilateral
Triangle t3 is isoceles
Triangle t4 weird
Triangle t1 weird
Triangle t2 is equilateral
</system-out>
    <system-err>SLF4J: Failed to load class &quot;org.slf4j.impl.StaticLoggerBinder&quot;.
SLF4J: Defaulting to no-operation (NOP) logger implementation
SLF4J: See http://www.slf4j.org/codes.html#StaticLoggerBinder for further details.
</system-err>
  </testcase>
  <testcase classname="Triangulator_ESTest" name="test2" time="1.813"/>
  <testcase classname="Triangulator_ESTest" name="test5" time="0.304"/>
  <testcase classname="Triangulator_ESTest" name="test4" time="3.001"/>
  <testcase classname="Triangulator_ESTest" name="test6" time="1.511"/>
  <testcase classname="Triangulator_ESTest" name="test1" time="4.005">
    <error message="test timed out after 4000 milliseconds" type="org.junit.runners.model.TestTimedOutException">org.junit.runners.model.TestTimedOutException: test timed out after 4000 milliseconds
	at sun.misc.Unsafe.park(Native Method)
	at java.util.concurrent.locks.LockSupport.parkNanos(LockSupport.java:215)
	at java.util.concurrent.FutureTask.awaitDone(FutureTask.java:426)
	at java.util.concurrent.FutureTask.get(FutureTask.java:204)
	at Triangulator_ESTest.test1(Triangulator_ESTest.java:183)
	at sun.reflect.NativeMethodAccessorImpl.invoke0(Native Method)
	at sun.reflect.NativeMethodAccessorImpl.invoke(NativeMethodAccessorImpl.java:62)
	at sun.reflect.DelegatingMethodAccessorImpl.invoke(DelegatingMethodAccessorImpl.java:43)
	at java.lang.reflect.Method.invoke(Method.java:498)
	at org.junit.runners.model.FrameworkMethod$1.runReflectiveCall(FrameworkMethod.java:59)
	at org.junit.internal.runners.model.ReflectiveCallable.run(ReflectiveCallable.java:12)
	at org.junit.runners.model.FrameworkMethod.invokeExplosively(FrameworkMethod.java:56)
	at org.junit.internal.runners.statements.InvokeMethod.evaluate(InvokeMethod.java:17)
	at org.junit.internal.runners.statements.FailOnTimeout$CallableStatement.call(FailOnTimeout.java:288)
	at org.junit.internal.runners.statements.FailOnTimeout$CallableStatement.call(FailOnTimeout.java:282)
	at java.util.concurrent.FutureTask.run(FutureTask.java:266)
	at java.lang.Thread.run(Thread.java:748)
</error>
    <system-out>Triangle S87hN&amp;]mK&amp; weird
Triangle t1 weird
Triangle t2 is equilateral
Triangle t3 is isoceles
Triangle t4 weird
Triangle S87hN&amp;]mK&amp; weird
Triangle S87hN&amp;]mK&amp; weird
Triangle S87hN&amp;]mK&amp; weird
Triangle S87hN&amp;]mK&amp; weird
Triangle S87hN&amp;]mK&amp; weird
Triangle S87hN&amp;]mK&amp; weird
Triangle S87hN&amp;]mK&amp; weird
Triangle t1 weird
Triangle t2 is equilateral
Triangle t3 is isoceles
</system-out>
  </testcase>
  <testcase classname="Triangulator_ESTest" name="test0" time="4.004">
    <error message="test timed out after 4000 milliseconds" type="org.junit.runners.model.TestTimedOutException">org.junit.runners.model.TestTimedOutException: test timed out after 4000 milliseconds
	at sun.misc.Unsafe.park(Native Method)
	at java.util.concurrent.locks.LockSupport.parkNanos(LockSupport.java:215)
	at java.util.concurrent.FutureTask.awaitDone(FutureTask.java:426)
	at java.util.concurrent.FutureTask.get(FutureTask.java:204)
	at Triangulator_ESTest.test0(Triangulator_ESTest.java:90)
	at sun.reflect.NativeMethodAccessorImpl.invoke0(Native Method)
	at sun.reflect.NativeMethodAccessorImpl.invoke(NativeMethodAccessorImpl.java:62)
	at sun.reflect.DelegatingMethodAccessorImpl.invoke(DelegatingMethodAccessorImpl.java:43)
	at java.lang.reflect.Method.invoke(Method.java:498)
	at org.junit.runners.model.FrameworkMethod$1.runReflectiveCall(FrameworkMethod.java:59)
	at org.junit.internal.runners.model.ReflectiveCallable.run(ReflectiveCallable.java:12)
	at org.junit.runners.model.FrameworkMethod.invokeExplosively(FrameworkMethod.java:56)
	at org.junit.internal.runners.statements.InvokeMethod.evaluate(InvokeMethod.java:17)
	at org.junit.internal.runners.statements.FailOnTimeout$CallableStatement.call(FailOnTimeout.java:288)
	at org.junit.internal.runners.statements.FailOnTimeout$CallableStatement.call(FailOnTimeout.java:282)
	at java.util.concurrent.FutureTask.run(FutureTask.java:266)
	at java.lang.Thread.run(Thread.java:748)
</error>
    <system-out>Triangle t4 weird
Triangle bDC)GP+eK/&lt;GaV weird
Triangle S87hN&amp;]mK&amp; weird
Triangle bDC)GP+eK/&lt;GaV weird
Triangle bDC)GP+eK/&lt;GaV weird
Triangle bDC)GP+eK/&lt;GaV weird
Triangle t1 weird
Triangle t2 is equilateral
Triangle t3 is isoceles
Triangle t4 weird
Triangle t1 weird
Triangle t2 is equilateral
Triangle t3 is isoceles
Triangle t4 weird
Triangle t1 weird
Triangle t2 is equilateral
Triangle t3 is isoceles
Triangle t4 weird
</system-out>
  </testcase>
</testsuite>