<?xml version="1.0" encoding="UTF-8"?>
<testsuite xmlns:xsi="http://www.w3.org/2001/XMLSchema-instance" xsi:noNamespaceSchemaLocation="https://maven.apache.org/surefire/maven-surefire-plugin/xsd/surefire-test-report.xsd" name="com.mycompany.app.AppTest" time="1.65" tests="5" errors="0" skipped="0" failures="0">
  <properties>
[...]
</properties>
  <testcase name="shouldAnswerWithTrue" classname="com.mycompany.app.AppTest" time="0.002"/>
  <testcase name="testScaleneTriangles" classname="com.mycompany.app.AppTest" time="0.404"/>
  <testcase name="testEqualateralTriangles" classname="com.mycompany.app.AppTest" time="0.301"/>
  <testcase name="testIsocelesTriangles" classname="com.mycompany.app.AppTest" time="0.402"/>
  <testcase name="testInvalidTriangles" classname="com.mycompany.app.AppTest" time="0.502"/>
</testsuite>